2024-04-30 20:06:38.707352600 +02:00;cmd;debug;Hello, World!;
2024-04-30 20:14:51.246667400 +02:00;cmd;debug;Hello, World!;
2024-04-30 20:15:28.693280300 +02:00;cmd;debug;Hello, World!;
2024-04-30 20:30:38.431089 +02:00;cmd;debug;Hello, World!;
2024-04-30 20:30:42.045116300 +02:00;cmd;debug;Hello, World!;
2024-04-30 20:31:19.805446400 +02:00;cmd;debug;Hello, World!;
2024-04-30 20:55:55.945411200 +02:00;cmd;debug;Hello, World!;
2024-04-30 21:27:52.295030400 +02:00;cmd;debug;Hello, World!;
2024-04-30 21:28:53.897903500 +02:00;cmd;debug;Hello, World!;
2024-04-30 21:51:49.232098700 +02:00;postman;debug;Hello, World!;
2024-04-30 21:52:38.883605600 +02:00;postman;debug;Hello, World!;
2024-04-30 22:00:19.188193400 +02:00;postman;debug;Hello, World!;
2024-04-30 22:23:27.864627700 +02:00;postman;debug;Hello, World!;
2024-04-30 22:23:32.982581 +02:00;postman;debug;Hello, World!;
2024-04-30 22:23:35.812838 +02:00;postman;debug;Hello, World!;
2024-04-30 22:28:51.841814 +02:00;postman;debug;Hello, World!;
2024-04-30 22:28:55.752580700 +02:00;postman;debug;Hello, World!;
2024-04-30 22:28:56.094137600 +02:00;postman;debug;Hello, World!;
2024-04-30 22:28:56.874665600 +02:00;postman;debug;Hello, World!;
2024-04-30 22:28:57.655476500 +02:00;postman;debug;Hello, World!;
2024-04-30 22:28:58.403549400 +02:00;postman;debug;Hello, World!;
2024-04-30 22:28:59.130566200 +02:00;postman;debug;Hello, World!;
2024-04-30 22:30:09.968254400 +02:00;postman;debug;Hello, World!;
2024-04-30 22:30:10.102166 +02:00;postman;debug;Hello, World!;
2024-04-30 22:30:10.120059700 +02:00;postman;debug;Hello, World!;
2024-04-30 22:30:10.135197 +02:00;postman;debug;Hello, World!;
2024-04-30 22:30:10.138744 +02:00;postman;debug;Hello, World!;
2024-04-30 22:30:10.145463400 +02:00;postman;debug;Hello, World!;
2024-04-30 22:30:10.150236800 +02:00;postman;debug;Hello, World!;
2024-04-30 22:30:10.165637900 +02:00;postman;debug;Hello, World!;
2024-04-30 22:30:10.182583700 +02:00;postman;debug;Hello, World!;
2024-04-30 22:30:10.193441100 +02:00;postman;debug;Hello, World!;
2024-04-30 22:30:10.206888700 +02:00;postman;debug;Hello, World!;
2024-04-30 22:30:10.217057600 +02:00;postman;debug;Hello, World!;
2024-04-30 22:30:10.229089300 +02:00;postman;debug;Hello, World!;
2024-04-30 22:30:10.240308 +02:00;postman;debug;Hello, World!;
2024-04-30 22:30:10.250261700 +02:00;postman;debug;Hello, World!;
2024-04-30 22:30:10.259436400 +02:00;postman;debug;Hello, World!;
2024-04-30 22:30:10.269425 +02:00;postman;debug;Hello, World!;
2024-04-30 22:30:10.277173800 +02:00;postman;debug;Hello, World!;
2024-04-30 22:30:10.288089600 +02:00;postman;debug;Hello, World!;
2024-04-30 22:30:10.298906900 +02:00;postman;debug;Hello, World!;
2024-04-30 22:30:10.310798800 +02:00;postman;debug;Hello, World!;
2024-04-30 22:30:10.324674300 +02:00;postman;debug;Hello, World!;
2024-04-30 22:30:10.335330300 +02:00;postman;debug;Hello, World!;
2024-04-30 22:30:10.348134800 +02:00;postman;debug;Hello, World!;
2024-04-30 22:30:10.357416600 +02:00;postman;debug;Hello, World!;
2024-04-30 22:30:10.366671500 +02:00;postman;debug;Hello, World!;
2024-04-30 22:30:10.375898300 +02:00;postman;debug;Hello, World!;
2024-04-30 22:30:10.385210500 +02:00;postman;debug;Hello, World!;
2024-04-30 22:30:10.392685400 +02:00;postman;debug;Hello, World!;
2024-04-30 22:30:10.401683700 +02:00;postman;debug;Hello, World!;
2024-04-30 22:30:10.410074800 +02:00;postman;debug;Hello, World!;
2024-04-30 22:30:10.418437400 +02:00;postman;debug;Hello, World!;
2024-04-30 22:30:10.426966300 +02:00;postman;debug;Hello, World!;
2024-04-30 22:30:10.436060100 +02:00;postman;debug;Hello, World!;
2024-04-30 22:30:10.445559700 +02:00;postman;debug;Hello, World!;
2024-04-30 22:30:10.455387700 +02:00;postman;debug;Hello, World!;
2024-04-30 22:30:10.465568600 +02:00;postman;debug;Hello, World!;
2024-04-30 22:30:10.475027400 +02:00;postman;debug;Hello, World!;
2024-04-30 22:30:10.485729100 +02:00;postman;debug;Hello, World!;
2024-04-30 22:30:10.494161200 +02:00;postman;debug;Hello, World!;
2024-04-30 22:30:10.505986300 +02:00;postman;debug;Hello, World!;
2024-04-30 22:30:10.515744800 +02:00;postman;debug;Hello, World!;
2024-04-30 22:30:10.525030400 +02:00;postman;debug;Hello, World!;
2024-04-30 22:30:10.534611500 +02:00;postman;debug;Hello, World!;
2024-04-30 22:30:10.543016800 +02:00;postman;debug;Hello, World!;
2024-04-30 22:30:10.551467900 +02:00;postman;debug;Hello, World!;
2024-04-30 22:30:10.559403600 +02:00;postman;debug;Hello, World!;
2024-04-30 22:30:10.569360800 +02:00;postman;debug;Hello, World!;
2024-04-30 22:30:10.578073600 +02:00;postman;debug;Hello, World!;
2024-04-30 22:30:10.586381 +02:00;postman;debug;Hello, World!;
2024-04-30 22:30:10.594010600 +02:00;postman;debug;Hello, World!;
2024-04-30 22:30:10.604115100 +02:00;postman;debug;Hello, World!;
2024-04-30 22:30:10.611293300 +02:00;postman;debug;Hello, World!;
2024-04-30 22:30:10.620360800 +02:00;postman;debug;Hello, World!;
2024-04-30 22:30:10.628362100 +02:00;postman;debug;Hello, World!;
2024-04-30 22:30:10.636825500 +02:00;postman;debug;Hello, World!;
2024-04-30 22:30:10.643673700 +02:00;postman;debug;Hello, World!;
2024-04-30 22:30:10.652100900 +02:00;postman;debug;Hello, World!;
2024-04-30 22:30:10.660677800 +02:00;postman;debug;Hello, World!;
2024-04-30 22:30:10.670196 +02:00;postman;debug;Hello, World!;
2024-04-30 22:30:10.678217600 +02:00;postman;debug;Hello, World!;
2024-04-30 22:30:10.689425500 +02:00;postman;debug;Hello, World!;
2024-04-30 22:30:10.699973400 +02:00;postman;debug;Hello, World!;
2024-04-30 22:30:10.748609100 +02:00;postman;debug;Hello, World!;
2024-04-30 22:30:10.749089500 +02:00;postman;debug;Hello, World!;
2024-04-30 22:30:10.749176 +02:00;postman;debug;Hello, World!;
2024-04-30 22:30:10.749407400 +02:00;postman;debug;Hello, World!;
2024-04-30 22:30:10.753766400 +02:00;postman;debug;Hello, World!;2024-04-30 22:30:10.753792100 +02:00;postman;debug;Hello, World!;

2024-04-30 22:30:10.771352700 +02:00;postman;debug;Hello, World!;
2024-04-30 22:30:10.779527400 +02:00;postman;debug;Hello, World!;
2024-04-30 22:30:10.788812400 +02:00;postman;debug;Hello, World!;
2024-04-30 22:30:10.793218700 +02:00;postman;debug;Hello, World!;
2024-04-30 22:30:10.811772600 +02:00;postman;debug;Hello, World!;
2024-04-30 22:30:10.829587600 +02:00;postman;debug;Hello, World!;
2024-04-30 22:30:10.839417900 +02:00;postman;debug;Hello, World!;
2024-04-30 22:30:10.848346700 +02:00;postman;debug;Hello, World!;
2024-04-30 22:30:10.862895 +02:00;postman;debug;Hello, World!;
2024-04-30 22:30:10.872212400 +02:00;postman;debug;Hello, World!;
2024-04-30 22:30:10.881007700 +02:00;postman;debug;Hello, World!;
2024-04-30 22:30:10.889154500 +02:00;postman;debug;Hello, World!;
2024-04-30 22:30:10.897505800 +02:00;postman;debug;Hello, World!;
2024-04-30 22:30:10.905686300 +02:00;postman;debug;Hello, World!;
2024-04-30 22:30:10.913457400 +02:00;postman;debug;Hello, World!;
2024-04-30 22:30:10.924009700 +02:00;postman;debug;Hello, World!;
2024-04-30 22:30:10.933840500 +02:00;postman;debug;Hello, World!;
2024-04-30 22:30:10.941689 +02:00;postman;debug;Hello, World!;
2024-04-30 22:30:10.952461300 +02:00;postman;debug;Hello, World!;
2024-04-30 22:30:10.960943500 +02:00;postman;debug;Hello, World!;
2024-04-30 22:30:10.974928900 +02:00;postman;debug;Hello, World!;
2024-04-30 22:30:10.988941400 +02:00;postman;debug;Hello, World!;
2024-04-30 22:30:10.994495100 +02:00;postman;debug;Hello, World!;
2024-04-30 22:30:10.999953100 +02:00;postman;debug;Hello, World!;
2024-04-30 22:30:11.011464300 +02:00;postman;debug;Hello, World!;
2024-04-30 22:30:11.029371900 +02:00;postman;debug;Hello, World!;
2024-04-30 22:30:11.042376600 +02:00;postman;debug;Hello, World!;
2024-04-30 22:30:11.054226700 +02:00;postman;debug;Hello, World!;
2024-04-30 22:30:11.067525500 +02:00;postman;debug;Hello, World!;
2024-04-30 22:30:11.078357100 +02:00;postman;debug;Hello, World!;
2024-04-30 22:30:11.090905600 +02:00;postman;debug;Hello, World!;
2024-04-30 22:30:11.101560100 +02:00;postman;debug;Hello, World!;
2024-04-30 22:30:29.065050900 +02:00;postman;debug;Hello, World!;
2024-04-30 22:30:29.178537800 +02:00;postman;debug;Hello, World!sqdqsd;
2024-04-30 22:30:29.183632400 +02:00;postman;debug;Hello, World!sqdqsd;
2024-04-30 22:30:29.189801 +02:00;postman;debug;Hello, World!sqdqsd;
2024-04-30 22:30:29.210978100 +02:00;postman;debug;Hello, World!sqdqsd;
2024-04-30 22:30:29.224321500 +02:00;postman;debug;Hello, World!sqdqsd;
2024-04-30 22:30:29.237629300 +02:00;postman;debug;Hello, World!sqdqsd;
2024-04-30 22:30:29.249983900 +02:00;postman;debug;Hello, World!sqdqsd;
2024-04-30 22:30:29.262080500 +02:00;postman;debug;Hello, World!sqdqsd;
2024-04-30 22:30:29.271557400 +02:00;postman;debug;Hello, World!sqdqsd;
2024-04-30 22:30:29.282113100 +02:00;postman;debug;Hello, World!sqdqsd;
2024-04-30 22:30:29.290169100 +02:00;postman;debug;Hello, World!sqdqsd;
2024-04-30 22:30:29.299821500 +02:00;postman;debug;Hello, World!sqdqsd;
2024-04-30 22:30:29.308054 +02:00;postman;debug;Hello, World!sqdqsd;
2024-04-30 22:30:29.318676900 +02:00;postman;debug;Hello, World!sqdqsd;
2024-04-30 22:30:29.327074200 +02:00;postman;debug;Hello, World!sqdqsd;
2024-04-30 22:30:29.335233600 +02:00;postman;debug;Hello, World!sqdqsd;
2024-04-30 22:30:29.342977300 +02:00;postman;debug;Hello, World!sqdqsd;
2024-04-30 22:30:29.351753100 +02:00;postman;debug;Hello, World!sqdqsd;
2024-04-30 22:30:29.361202700 +02:00;postman;debug;Hello, World!sqdqsd;
2024-04-30 22:30:29.368449700 +02:00;postman;debug;Hello, World!sqdqsd;
2024-04-30 22:30:29.376132 +02:00;postman;debug;Hello, World!sqdqsd;
2024-04-30 22:30:29.384477800 +02:00;postman;debug;Hello, World!sqdqsd;
2024-04-30 22:30:29.394670200 +02:00;postman;debug;Hello, World!sqdqsd;
2024-04-30 22:30:29.404257100 +02:00;postman;debug;Hello, World!sqdqsd;
2024-04-30 22:30:29.412452700 +02:00;postman;debug;Hello, World!sqdqsd;
2024-04-30 22:30:29.420790900 +02:00;postman;debug;Hello, World!sqdqsd;
2024-04-30 22:30:29.429347400 +02:00;postman;debug;Hello, World!sqdqsd;
2024-04-30 22:30:29.438454700 +02:00;postman;debug;Hello, World!sqdqsd;
2024-04-30 22:30:29.447332600 +02:00;postman;debug;Hello, World!sqdqsd;
2024-04-30 22:30:29.458435700 +02:00;postman;debug;Hello, World!sqdqsd;
2024-04-30 22:30:29.468517900 +02:00;postman;debug;Hello, World!sqdqsd;
2024-04-30 22:30:29.477838900 +02:00;postman;debug;Hello, World!sqdqsd;
2024-04-30 22:30:29.485066200 +02:00;postman;debug;Hello, World!sqdqsd;
2024-04-30 22:30:29.493076200 +02:00;postman;debug;Hello, World!sqdqsd;
2024-04-30 22:30:29.500653800 +02:00;postman;debug;Hello, World!sqdqsd;
2024-04-30 22:30:29.509276200 +02:00;postman;debug;Hello, World!sqdqsd;
2024-04-30 22:30:29.518089 +02:00;postman;debug;Hello, World!sqdqsd;
2024-04-30 22:30:29.526775900 +02:00;postman;debug;Hello, World!sqdqsd;
2024-04-30 22:30:29.537158400 +02:00;postman;debug;Hello, World!sqdqsd;
2024-04-30 22:30:29.544845300 +02:00;postman;debug;Hello, World!sqdqsd;
2024-04-30 22:30:29.553387700 +02:00;postman;debug;Hello, World!sqdqsd;
2024-04-30 22:30:29.562265200 +02:00;postman;debug;Hello, World!sqdqsd;
2024-04-30 22:30:29.571373 +02:00;postman;debug;Hello, World!sqdqsd;
2024-04-30 22:30:29.582623600 +02:00;postman;debug;Hello, World!sqdqsd;
2024-04-30 22:30:29.591487900 +02:00;postman;debug;Hello, World!sqdqsd;
2024-04-30 22:30:29.601011400 +02:00;postman;debug;Hello, World!sqdqsd;
2024-04-30 22:30:29.611779100 +02:00;postman;debug;Hello, World!sqdqsd;
2024-04-30 22:30:29.622176200 +02:00;postman;debug;Hello, World!sqdqsd;
2024-04-30 22:30:29.632203400 +02:00;postman;debug;Hello, World!sqdqsd;
2024-04-30 22:30:29.641613700 +02:00;postman;debug;Hello, World!sqdqsd;
2024-04-30 22:30:29.651725900 +02:00;postman;debug;Hello, World!sqdqsd;
2024-04-30 22:30:29.662152900 +02:00;postman;debug;Hello, World!sqdqsd;
2024-04-30 22:30:29.669812900 +02:00;postman;debug;Hello, World!sqdqsd;
2024-04-30 22:30:29.680122800 +02:00;postman;debug;Hello, World!sqdqsd;
2024-04-30 22:30:29.688788400 +02:00;postman;debug;Hello, World!sqdqsd;
2024-04-30 22:30:29.697427100 +02:00;postman;debug;Hello, World!sqdqsd;
2024-04-30 22:30:29.705632 +02:00;postman;debug;Hello, World!sqdqsd;
2024-04-30 22:30:29.714117800 +02:00;postman;debug;Hello, World!sqdqsd;
2024-04-30 22:30:29.721692300 +02:00;postman;debug;Hello, World!sqdqsd;
2024-04-30 22:30:29.729052500 +02:00;postman;debug;Hello, World!sqdqsd;
2024-04-30 22:30:29.736400300 +02:00;postman;debug;Hello, World!sqdqsd;
2024-04-30 22:30:29.742930300 +02:00;postman;debug;Hello, World!sqdqsd;
2024-04-30 22:30:29.750128 +02:00;postman;debug;Hello, World!sqdqsd;
2024-04-30 22:30:29.758110100 +02:00;postman;debug;Hello, World!sqdqsd;
2024-04-30 22:30:29.766398600 +02:00;postman;debug;Hello, World!sqdqsd;
2024-04-30 22:30:29.774864900 +02:00;postman;debug;Hello, World!sqdqsd;
2024-04-30 22:30:29.785994500 +02:00;postman;debug;Hello, World!sqdqsd;
2024-04-30 22:30:29.799275500 +02:00;postman;debug;Hello, World!sqdqsd;
2024-04-30 22:30:29.811438200 +02:00;postman;debug;Hello, World!sqdqsd;
2024-04-30 22:30:29.823719300 +02:00;postman;debug;Hello, World!sqdqsd;
2024-04-30 22:30:29.835342200 +02:00;postman;debug;Hello, World!sqdqsd;
2024-04-30 22:30:29.846417100 +02:00;postman;debug;Hello, World!sqdqsd;
2024-04-30 22:30:29.861966700 +02:00;postman;debug;Hello, World!sqdqsd;
2024-04-30 22:30:29.873680600 +02:00;postman;debug;Hello, World!sqdqsd;
2024-04-30 22:30:29.890435900 +02:00;postman;debug;Hello, World!sqdqsd;
2024-04-30 22:30:29.903087500 +02:00;postman;debug;Hello, World!sqdqsd;
2024-04-30 22:30:29.915453900 +02:00;postman;debug;Hello, World!sqdqsd;
2024-04-30 22:30:29.925437100 +02:00;postman;debug;Hello, World!sqdqsd;
2024-04-30 22:30:29.939343700 +02:00;postman;debug;Hello, World!sqdqsd;
2024-04-30 22:30:29.949137200 +02:00;postman;debug;Hello, World!sqdqsd;
2024-04-30 22:30:29.960024600 +02:00;postman;debug;Hello, World!sqdqsd;
2024-04-30 22:30:29.970408700 +02:00;postman;debug;Hello, World!sqdqsd;
2024-04-30 22:30:29.980072700 +02:00;postman;debug;Hello, World!sqdqsd;
2024-04-30 22:30:29.993133900 +02:00;postman;debug;Hello, World!sqdqsd;
2024-04-30 22:30:30.002805900 +02:00;postman;debug;Hello, World!sqdqsd;
2024-04-30 22:30:30.018520200 +02:00;postman;debug;Hello, World!sqdqsd;
2024-04-30 22:30:30.035357600 +02:00;postman;debug;Hello, World!sqdqsd;
2024-04-30 22:30:30.045484400 +02:00;postman;debug;Hello, World!sqdqsd;
2024-04-30 22:30:30.054586 +02:00;postman;debug;Hello, World!sqdqsd;
2024-04-30 22:30:30.064153800 +02:00;postman;debug;Hello, World!sqdqsd;
2024-04-30 22:30:30.077171600 +02:00;postman;debug;Hello, World!sqdqsd;
2024-04-30 22:30:30.086677200 +02:00;postman;debug;Hello, World!sqdqsd;
2024-04-30 22:30:30.095692300 +02:00;postman;debug;Hello, World!sqdqsd;
2024-04-30 22:30:30.106887400 +02:00;postman;debug;Hello, World!sqdqsd;
2024-04-30 22:30:30.117822800 +02:00;postman;debug;Hello, World!sqdqsd;
2024-04-30 22:30:30.127810600 +02:00;postman;debug;Hello, World!sqdqsd;
2024-04-30 22:30:30.137986300 +02:00;postman;debug;Hello, World!sqdqsd;
2024-04-30 22:30:30.149227700 +02:00;postman;debug;Hello, World!sqdqsd;
2024-04-30 22:30:30.160017800 +02:00;postman;debug;Hello, World!sqdqsd;
2024-04-30 22:30:30.169470 +02:00;postman;debug;Hello, World!sqdqsd;
2024-04-30 22:33:33.908490600 +02:00;postman;debug;Hello, World!;
2024-04-30 22:33:34.038704900 +02:00;postman;debug;Hello, World!;
2024-04-30 22:33:34.073130700 +02:00;postman;debug;Hello, World!;
2024-04-30 22:33:34.095275200 +02:00;postman;debug;Hello, World!;2024-04-30 22:33:34.095252600 +02:00;postman;debug;Hello, World!;2024-04-30 22:33:34.095267300 +02:00;postman;debug;Hello, World!;

2024-04-30 22:33:34.095252600 +02:00;postman;debug;Hello, World!;

2024-04-30 22:33:34.095277100 +02:00;postman;debug;Hello, World!;2024-04-30 22:33:34.095642700 +02:00;postman;debug;Hello, World!;

2024-04-30 22:33:34.095632700 +02:00;postman;debug;Hello, World!;
2024-04-30 22:33:34.095644100 +02:00;postman;debug;Hello, World!;
2024-04-30 22:33:34.101861500 +02:00;postman;debug;Hello, World!;
2024-04-30 22:33:34.102214700 +02:00;postman;debug;Hello, World!;
2024-04-30 22:33:34.104413800 +02:00;postman;debug;Hello, World!;
2024-04-30 22:33:34.108633300 +02:00;postman;debug;Hello, World!;
2024-04-30 22:33:34.109428100 +02:00;postman;debug;Hello, World!;
2024-04-30 22:33:34.111313 +02:00;postman;debug;Hello, World!;
2024-04-30 22:33:34.127349100 +02:00;postman;debug;Hello, World!;
2024-04-30 22:33:34.138336900 +02:00;postman;debug;Hello, World!;
2024-04-30 22:33:34.141506500 +02:00;postman;debug;Hello, World!;
2024-04-30 22:33:34.190641500 +02:00;postman;debug;Hello, World!;
2024-04-30 22:33:34.203219 +02:00;postman;debug;Hello, World!;
2024-04-30 22:33:34.211192400 +02:00;postman;debug;Hello, World!;
2024-04-30 22:33:34.219469500 +02:00;postman;debug;Hello, World!;
2024-04-30 22:33:34.226914 +02:00;postman;debug;Hello, World!;
2024-04-30 22:33:34.235411 +02:00;postman;debug;Hello, World!;
2024-04-30 22:33:34.243152900 +02:00;postman;debug;Hello, World!;
2024-04-30 22:33:34.251406500 +02:00;postman;debug;Hello, World!;
2024-04-30 22:33:34.260273500 +02:00;postman;debug;Hello, World!;
2024-04-30 22:33:34.269193900 +02:00;postman;debug;Hello, World!;
2024-04-30 22:33:34.278009100 +02:00;postman;debug;Hello, World!;
2024-04-30 22:33:34.288029300 +02:00;postman;debug;Hello, World!;
2024-04-30 22:33:34.297425400 +02:00;postman;debug;Hello, World!;
2024-04-30 22:33:34.307533200 +02:00;postman;debug;Hello, World!;
2024-04-30 22:33:34.316274400 +02:00;postman;debug;Hello, World!;
2024-04-30 22:33:34.325494200 +02:00;postman;debug;Hello, World!;
2024-04-30 22:33:34.333060900 +02:00;postman;debug;Hello, World!;
2024-04-30 22:33:34.341067 +02:00;postman;debug;Hello, World!;
2024-04-30 22:33:34.348282100 +02:00;postman;debug;Hello, World!;
2024-04-30 22:33:34.358380800 +02:00;postman;debug;Hello, World!;
2024-04-30 22:33:34.366519800 +02:00;postman;debug;Hello, World!;
2024-04-30 22:33:34.374352 +02:00;postman;debug;Hello, World!;
2024-04-30 22:33:34.381592900 +02:00;postman;debug;Hello, World!;
2024-04-30 22:33:34.391339300 +02:00;postman;debug;Hello, World!;
2024-04-30 22:33:34.398703700 +02:00;postman;debug;Hello, World!;
2024-04-30 22:33:34.407194 +02:00;postman;debug;Hello, World!;
2024-04-30 22:33:34.414063400 +02:00;postman;debug;Hello, World!;
2024-04-30 22:33:34.423387300 +02:00;postman;debug;Hello, World!;
2024-04-30 22:33:34.431640600 +02:00;postman;debug;Hello, World!;
2024-04-30 22:33:34.440567700 +02:00;postman;debug;Hello, World!;
2024-04-30 22:33:34.447488300 +02:00;postman;debug;Hello, World!;
2024-04-30 22:33:34.455139900 +02:00;postman;debug;Hello, World!;
2024-04-30 22:33:34.462321700 +02:00;postman;debug;Hello, World!;
2024-04-30 22:33:34.471613500 +02:00;postman;debug;Hello, World!;
2024-04-30 22:33:34.478927400 +02:00;postman;debug;Hello, World!;
2024-04-30 22:33:34.488085900 +02:00;postman;debug;Hello, World!;
2024-04-30 22:33:34.494749 +02:00;postman;debug;Hello, World!;
2024-04-30 22:33:34.502239100 +02:00;postman;debug;Hello, World!;
2024-04-30 22:33:34.511140900 +02:00;postman;debug;Hello, World!;
2024-04-30 22:33:34.520142 +02:00;postman;debug;Hello, World!;
2024-04-30 22:33:34.528057900 +02:00;postman;debug;Hello, World!;
2024-04-30 22:33:34.535464300 +02:00;postman;debug;Hello, World!;
2024-04-30 22:33:34.545113800 +02:00;postman;debug;Hello, World!;
2024-04-30 22:33:34.553648100 +02:00;postman;debug;Hello, World!;
2024-04-30 22:33:34.562174700 +02:00;postman;debug;Hello, World!;
2024-04-30 22:33:34.571010700 +02:00;postman;debug;Hello, World!;
2024-04-30 22:33:34.578309700 +02:00;postman;debug;Hello, World!;
2024-04-30 22:33:34.584901600 +02:00;postman;debug;Hello, World!;
2024-04-30 22:33:34.594889400 +02:00;postman;debug;Hello, World!;
2024-04-30 22:33:34.605301300 +02:00;postman;debug;Hello, World!;
2024-04-30 22:33:34.616258800 +02:00;postman;debug;Hello, World!;
2024-04-30 22:33:34.626774400 +02:00;postman;debug;Hello, World!;
2024-04-30 22:33:34.636390 +02:00;postman;debug;Hello, World!;
2024-04-30 22:33:34.646064600 +02:00;postman;debug;Hello, World!;
2024-04-30 22:33:34.655704800 +02:00;postman;debug;Hello, World!;
2024-04-30 22:33:34.663462700 +02:00;postman;debug;Hello, World!;
2024-04-30 22:33:34.671704400 +02:00;postman;debug;Hello, World!;
2024-04-30 22:33:34.679304 +02:00;postman;debug;Hello, World!;
2024-04-30 22:33:34.689434100 +02:00;postman;debug;Hello, World!;
2024-04-30 22:33:34.696944900 +02:00;postman;debug;Hello, World!;
2024-04-30 22:33:34.706553800 +02:00;postman;debug;Hello, World!;
2024-04-30 22:33:34.713857500 +02:00;postman;debug;Hello, World!;
2024-04-30 22:33:34.722583300 +02:00;postman;debug;Hello, World!;
2024-04-30 22:33:34.759969100 +02:00;postman;debug;Hello, World!;
2024-04-30 22:33:34.763868200 +02:00;postman;debug;Hello, World!;2024-04-30 22:33:34.763912300 +02:00;postman;debug;Hello, World!;

2024-04-30 22:33:34.764101500 +02:00;postman;debug;Hello, World!;
2024-04-30 22:33:34.766759 +02:00;postman;debug;Hello, World!;
2024-04-30 22:33:34.792798200 +02:00;postman;debug;Hello, World!;
2024-04-30 22:33:34.793480400 +02:00;postman;debug;Hello, World!;
2024-04-30 22:33:34.794077700 +02:00;postman;debug;Hello, World!;
2024-04-30 22:33:34.794309500 +02:00;postman;debug;Hello, World!;
2024-04-30 22:33:34.795885800 +02:00;postman;debug;Hello, World!;
2024-04-30 22:33:34.796368800 +02:00;postman;debug;Hello, World!;
2024-04-30 22:33:34.798365 +02:00;postman;debug;Hello, World!;
2024-04-30 22:33:34.799052700 +02:00;postman;debug;Hello, World!;
2024-04-30 22:33:34.799640700 +02:00;postman;debug;Hello, World!;
2024-04-30 22:33:34.801690200 +02:00;postman;debug;Hello, World!;
2024-04-30 22:33:34.802114 +02:00;postman;debug;Hello, World!;
2024-04-30 22:33:34.845109400 +02:00;postman;debug;Hello, World!;
2024-04-30 22:33:34.858784700 +02:00;postman;debug;Hello, World!;
